# JRE version: Java(TM) SE Runtime Environment (23.0.1+11) (build 23.0.1+11-39)
# Java VM: Java HotSpot(TM) 64-Bit Server VM (23.0.1+11-39, mixed mode, emulated-client, sharing, tiered, compressed oops, compressed class ptrs, g1 gc, windows-amd64)
GC Precious Log:
 CardTable entry size: 512
 Card Set container configuration: InlinePtr #cards 5 size 8 Array Of Cards #cards 10 size 36 Howl #buckets 4 coarsen threshold 1843 Howl Bitmap #cards 512 size 80 coarsen threshold 460 Card regions per heap region 1 cards per card region 2048
 CPUs: 8 total, 8 available
 Memory: 7987M
 Large Page Support: Disabled
 NUMA Support: Disabled
 Compressed Oops: Enabled (32-bit)
 Heap Region Size: 1M
 Heap Min Capacity: 8M
 Heap Initial Capacity: 126M
 Heap Max Capacity: 1998M
 Pre-touch: Disabled
 Parallel Workers: 8
 Concurrent Workers: 2
 Concurrent Refinement Workers: 8
 Periodic GC: Disabled
Heap:
 garbage-first heap   total reserved 2045952K, committed 61440K, used 42709K [0x0000000083200000, 0x0000000100000000)
  region size 1024K, 16 young (16384K), 4 survivors (4096K)
 Metaspace       used 69854K, committed 70592K, reserved 1114112K
  class space    used 10206K, committed 10560K, reserved 1048576K
GC Heap History (20 events):
Event: 2.844 GC heap before
{Heap before GC invocations=5 (full 0):
 garbage-first heap   total reserved 2045952K, committed 51200K, used 37432K [0x0000000083200000, 0x0000000100000000)
  region size 1024K, 23 young (23552K), 3 survivors (3072K)
 Metaspace       used 27239K, committed 27776K, reserved 1114112K
  class space    used 3868K, committed 4096K, reserved 1048576K
}
Event: 2.848 GC heap after
{Heap after GC invocations=6 (full 0):
 garbage-first heap   total reserved 2045952K, committed 51200K, used 18150K [0x0000000083200000, 0x0000000100000000)
  region size 1024K, 2 young (2048K), 2 survivors (2048K)
 Metaspace       used 27239K, committed 27776K, reserved 1114112K
  class space    used 3868K, committed 4096K, reserved 1048576K
}
Event: 3.177 GC heap before
{Heap before GC invocations=6 (full 0):
 garbage-first heap   total reserved 2045952K, committed 51200K, used 37606K [0x0000000083200000, 0x0000000100000000)
  region size 1024K, 22 young (22528K), 2 survivors (2048K)
 Metaspace       used 29880K, committed 30400K, reserved 1114112K
  class space    used 4293K, committed 4480K, reserved 1048576K
}
Event: 3.182 GC heap after
{Heap after GC invocations=7 (full 0):
 garbage-first heap   total reserved 2045952K, committed 51200K, used 19672K [0x0000000083200000, 0x0000000100000000)
  region size 1024K, 3 young (3072K), 3 survivors (3072K)
 Metaspace       used 29880K, committed 30400K, reserved 1114112K
  class space    used 4293K, committed 4480K, reserved 1048576K
}
Event: 3.543 GC heap before
{Heap before GC invocations=7 (full 0):
 garbage-first heap   total reserved 2045952K, committed 51200K, used 40152K [0x0000000083200000, 0x0000000100000000)
  region size 1024K, 24 young (24576K), 3 survivors (3072K)
 Metaspace       used 33794K, committed 34368K, reserved 1114112K
  class space    used 4859K, committed 5120K, reserved 1048576K
}
Event: 3.551 GC heap after
{Heap after GC invocations=8 (full 0):
 garbage-first heap   total reserved 2045952K, committed 51200K, used 22174K [0x0000000083200000, 0x0000000100000000)
  region size 1024K, 3 young (3072K), 3 survivors (3072K)
 Metaspace       used 33794K, committed 34368K, reserved 1114112K
  class space    used 4859K, committed 5120K, reserved 1048576K
}
Event: 3.763 GC heap before
{Heap before GC invocations=8 (full 0):
 garbage-first heap   total reserved 2045952K, committed 51200K, used 30366K [0x0000000083200000, 0x0000000100000000)
  region size 1024K, 12 young (12288K), 3 survivors (3072K)
 Metaspace       used 35541K, committed 36160K, reserved 1114112K
  class space    used 5085K, committed 5376K, reserved 1048576K
}
Event: 3.765 GC heap after
{Heap after GC invocations=9 (full 0):
 garbage-first heap   total reserved 2045952K, committed 61440K, used 23527K [0x0000000083200000, 0x0000000100000000)
  region size 1024K, 2 young (2048K), 2 survivors (2048K)
 Metaspace       used 35541K, committed 36160K, reserved 1114112K
  class space    used 5085K, committed 5376K, reserved 1048576K
}
Event: 4.557 GC heap before
{Heap before GC invocations=10 (full 0):
 garbage-first heap   total reserved 2045952K, committed 61440K, used 49127K [0x0000000083200000, 0x0000000100000000)
  region size 1024K, 28 young (28672K), 2 survivors (2048K)
 Metaspace       used 45494K, committed 46080K, reserved 1114112K
  class space    used 6405K, committed 6656K, reserved 1048576K
}
Event: 4.559 GC heap after
{Heap after GC invocations=11 (full 0):
 garbage-first heap   total reserved 2045952K, committed 61440K, used 25990K [0x0000000083200000, 0x0000000100000000)
  region size 1024K, 4 young (4096K), 4 survivors (4096K)
 Metaspace       used 45494K, committed 46080K, reserved 1114112K
  class space    used 6405K, committed 6656K, reserved 1048576K
}
Event: 4.964 GC heap before
{Heap before GC invocations=11 (full 0):
 garbage-first heap   total reserved 2045952K, committed 61440K, used 51590K [0x0000000083200000, 0x0000000100000000)
  region size 1024K, 29 young (29696K), 4 survivors (4096K)
 Metaspace       used 51146K, committed 51712K, reserved 1114112K
  class space    used 7322K, committed 7552K, reserved 1048576K
}
Event: 4.968 GC heap after
{Heap after GC invocations=12 (full 0):
 garbage-first heap   total reserved 2045952K, committed 61440K, used 26943K [0x0000000083200000, 0x0000000100000000)
  region size 1024K, 2 young (2048K), 2 survivors (2048K)
 Metaspace       used 51146K, committed 51712K, reserved 1114112K
  class space    used 7322K, committed 7552K, reserved 1048576K
}
Event: 5.440 GC heap before
{Heap before GC invocations=12 (full 0):
 garbage-first heap   total reserved 2045952K, committed 61440K, used 51519K [0x0000000083200000, 0x0000000100000000)
  region size 1024K, 27 young (27648K), 2 survivors (2048K)
 Metaspace       used 58274K, committed 58880K, reserved 1114112K
  class space    used 8335K, committed 8576K, reserved 1048576K
}
Event: 5.444 GC heap after
{Heap after GC invocations=13 (full 0):
 garbage-first heap   total reserved 2045952K, committed 61440K, used 28152K [0x0000000083200000, 0x0000000100000000)
  region size 1024K, 3 young (3072K), 3 survivors (3072K)
 Metaspace       used 58274K, committed 58880K, reserved 1114112K
  class space    used 8335K, committed 8576K, reserved 1048576K
}
Event: 5.595 GC heap before
{Heap before GC invocations=13 (full 0):
 garbage-first heap   total reserved 2045952K, committed 61440K, used 36344K [0x0000000083200000, 0x0000000100000000)
  region size 1024K, 12 young (12288K), 3 survivors (3072K)
 Metaspace       used 59851K, committed 60416K, reserved 1114112K
  class space    used 8667K, committed 8896K, reserved 1048576K
}
Event: 5.598 GC heap after
{Heap after GC invocations=14 (full 0):
 garbage-first heap   total reserved 2045952K, committed 61440K, used 28502K [0x0000000083200000, 0x0000000100000000)
  region size 1024K, 2 young (2048K), 2 survivors (2048K)
 Metaspace       used 59851K, committed 60416K, reserved 1114112K
  class space    used 8667K, committed 8896K, reserved 1048576K
}
Event: 5.979 GC heap before
{Heap before GC invocations=15 (full 0):
 garbage-first heap   total reserved 2045952K, committed 61440K, used 53078K [0x0000000083200000, 0x0000000100000000)
  region size 1024K, 27 young (27648K), 2 survivors (2048K)
 Metaspace       used 64373K, committed 65024K, reserved 1114112K
  class space    used 9383K, committed 9664K, reserved 1048576K
}
Event: 5.981 GC heap after
{Heap after GC invocations=16 (full 0):
 garbage-first heap   total reserved 2045952K, committed 61440K, used 29987K [0x0000000083200000, 0x0000000100000000)
  region size 1024K, 4 young (4096K), 4 survivors (4096K)
 Metaspace       used 64373K, committed 65024K, reserved 1114112K
  class space    used 9383K, committed 9664K, reserved 1048576K
}
Event: 6.373 GC heap before
{Heap before GC invocations=16 (full 0):
 garbage-first heap   total reserved 2045952K, committed 61440K, used 52515K [0x0000000083200000, 0x0000000100000000)
  region size 1024K, 26 young (26624K), 4 survivors (4096K)
 Metaspace       used 68312K, committed 69056K, reserved 1114112K
  class space    used 9966K, committed 10304K, reserved 1048576K
}
Event: 6.377 GC heap after
{Heap after GC invocations=17 (full 0):
 garbage-first heap   total reserved 2045952K, committed 61440K, used 31445K [0x0000000083200000, 0x0000000100000000)
  region size 1024K, 4 young (4096K), 4 survivors (4096K)
 Metaspace       used 68312K, committed 69056K, reserved 1114112K
  class space    used 9966K, committed 10304K, reserved 1048576K
}

